
Showing logs for build [32mcb-kubecd-bdd-spring-1592566713-xh7xd-1[0m stage [32mfrom-build-pack[0m and container [32mstep-credential-initializer-dr5p6[0m
{"level":"info","ts":1592566934.068247,"logger":"fallback-logger","caller":"logging/config.go:69","msg":"Fetch GitHub commit ID from kodata failed: open /var/run/ko/refs/heads/0.8.0-ns-support: no such file or directory"}
{"level":"info","ts":1592566934.069102,"logger":"fallback-logger","caller":"creds-init/main.go:40","msg":"Credentials initialized."}

Showing logs for build [32mcb-kubecd-bdd-spring-1592566713-xh7xd-1[0m stage [32mfrom-build-pack[0m and container [32mstep-working-dir-initializer-6wgpq[0m
{"level":"info","ts":1592566936.298205,"logger":"fallback-logger","caller":"logging/config.go:69","msg":"Fetch GitHub commit ID from kodata failed: open /var/run/ko/HEAD: no such file or directory"}
{"level":"info","ts":1592566936.299893,"logger":"fallback-logger","caller":"bash/main.go:64","msg":"Successfully executed command \"sh -c mkdir -p /workspace/source\"; output "}

Showing logs for build [32mcb-kubecd-bdd-spring-1592566713-xh7xd-1[0m stage [32mfrom-build-pack[0m and container [32mstep-place-tools[0m

Showing logs for build [32mcb-kubecd-bdd-spring-1592566713-xh7xd-1[0m stage [32mfrom-build-pack[0m and container [32mstep-git-source-cb-kubecd-bdd-spring-1592566713-xh7xd-thxph[0m
{"level":"info","ts":1592567045.9597733,"logger":"fallback-logger","caller":"logging/config.go:69","msg":"Fetch GitHub commit ID from kodata failed: open /var/run/ko/refs/heads/0.8.0-ns-support: no such file or directory"}
{"level":"info","ts":1592567047.2096202,"logger":"fallback-logger","caller":"git/git.go:103","msg":"Successfully cloned https://github.com/cb-kubecd/bdd-spring-1592566713.git @ v0.0.1 in path /workspace/source"}

Showing logs for build [32mcb-kubecd-bdd-spring-1592566713-xh7xd-1[0m stage [32mfrom-build-pack[0m and container [32mstep-git-merge[0m
Using SHAs from PULL_REFS=master:9c562e7063d3b02ed8051db16e196c89c5c09054
WARNING: no SHAs to merge, falling back to initial cloned commit

Showing logs for build [32mcb-kubecd-bdd-spring-1592566713-xh7xd-1[0m stage [32mfrom-build-pack[0m and container [32mstep-setup-jx-git-credentials[0m
Generated Git credentials file /workspace/xdg_config/git/credentials

Showing logs for build [32mcb-kubecd-bdd-spring-1592566713-xh7xd-1[0m stage [32mfrom-build-pack[0m and container [32mstep-build-mvn-deploy[0m
Picked up _JAVA_OPTIONS: -XX:+UnlockExperimentalVMOptions -XX:+UseCGroupMemoryLimitForHeap -Dsun.zip.disableMemoryMapping=true -XX:+UseParallelGC -XX:MinHeapFreeRatio=5 -XX:MaxHeapFreeRatio=10 -XX:GCTimeRatio=4 -XX:AdaptiveSizePolicyWeight=90 -Xms10m -Xmx192m
OpenJDK 64-Bit Server VM warning: If the number of processors is expected to increase from one, then you should configure the number of parallel GC threads appropriately using -XX:ParallelGCThreads=N
[INFO] Scanning for projects...
[INFO] 
[INFO] -----------------< com.example:bdd-spring-1592566713 >------------------
[INFO] Building demo 0.0.1
[INFO] --------------------------------[ jar ]---------------------------------
[INFO] 
[INFO] --- maven-clean-plugin:3.1.0:clean (default-clean) @ bdd-spring-1592566713 ---
[INFO] 
[INFO] --- maven-resources-plugin:3.1.0:resources (default-resources) @ bdd-spring-1592566713 ---
[INFO] Using 'UTF-8' encoding to copy filtered resources.
[INFO] Copying 1 resource
[INFO] Copying 0 resource
[INFO] 
[INFO] --- maven-compiler-plugin:3.8.1:compile (default-compile) @ bdd-spring-1592566713 ---
[INFO] Changes detected - recompiling the module!
[INFO] Compiling 1 source file to /workspace/source/target/classes
[INFO] 
[INFO] --- maven-resources-plugin:3.1.0:testResources (default-testResources) @ bdd-spring-1592566713 ---
[INFO] Using 'UTF-8' encoding to copy filtered resources.
[INFO] skip non existing resourceDirectory /workspace/source/src/test/resources
[INFO] 
[INFO] --- maven-compiler-plugin:3.8.1:testCompile (default-testCompile) @ bdd-spring-1592566713 ---
[INFO] Changes detected - recompiling the module!
[INFO] Compiling 1 source file to /workspace/source/target/test-classes
[INFO] 
[INFO] --- maven-surefire-plugin:3.0.0-M1:test (default-test) @ bdd-spring-1592566713 ---
[INFO] 
[INFO] -------------------------------------------------------
[INFO]  T E S T S
[INFO] -------------------------------------------------------
[INFO] Running com.example.bddspring1592566713.DemoApplicationTests
11:44:44.929 [main] DEBUG org.springframework.test.context.BootstrapUtils - Instantiating CacheAwareContextLoaderDelegate from class [org.springframework.test.context.cache.DefaultCacheAwareContextLoaderDelegate]
11:44:44.949 [main] DEBUG org.springframework.test.context.BootstrapUtils - Instantiating BootstrapContext using constructor [public org.springframework.test.context.support.DefaultBootstrapContext(java.lang.Class,org.springframework.test.context.CacheAwareContextLoaderDelegate)]
11:44:45.036 [main] DEBUG org.springframework.test.context.BootstrapUtils - Instantiating TestContextBootstrapper for test class [com.example.bddspring1592566713.DemoApplicationTests] from class [org.springframework.boot.test.context.SpringBootTestContextBootstrapper]
11:44:45.109 [main] INFO org.springframework.boot.test.context.SpringBootTestContextBootstrapper - Neither @ContextConfiguration nor @ContextHierarchy found for test class [com.example.bddspring1592566713.DemoApplicationTests], using SpringBootContextLoader
11:44:45.120 [main] DEBUG org.springframework.test.context.support.AbstractContextLoader - Did not detect default resource location for test class [com.example.bddspring1592566713.DemoApplicationTests]: class path resource [com/example/bddspring1592566713/DemoApplicationTests-context.xml] does not exist
11:44:45.126 [main] DEBUG org.springframework.test.context.support.AbstractContextLoader - Did not detect default resource location for test class [com.example.bddspring1592566713.DemoApplicationTests]: class path resource [com/example/bddspring1592566713/DemoApplicationTestsContext.groovy] does not exist
11:44:45.135 [main] INFO org.springframework.test.context.support.AbstractContextLoader - Could not detect default resource locations for test class [com.example.bddspring1592566713.DemoApplicationTests]: no resource found for suffixes {-context.xml, Context.groovy}.
11:44:45.141 [main] INFO org.springframework.test.context.support.AnnotationConfigContextLoaderUtils - Could not detect default configuration classes for test class [com.example.bddspring1592566713.DemoApplicationTests]: DemoApplicationTests does not declare any static, non-private, non-final, nested classes annotated with @Configuration.
11:44:45.302 [main] DEBUG org.springframework.test.context.support.ActiveProfilesUtils - Could not find an 'annotation declaring class' for annotation type [org.springframework.test.context.ActiveProfiles] and class [com.example.bddspring1592566713.DemoApplicationTests]
11:44:45.443 [main] DEBUG org.springframework.context.annotation.ClassPathScanningCandidateComponentProvider - Identified candidate component class: file [/workspace/source/target/classes/com/example/bddspring1592566713/DemoApplication.class]
11:44:45.453 [main] INFO org.springframework.boot.test.context.SpringBootTestContextBootstrapper - Found @SpringBootConfiguration com.example.bddspring1592566713.DemoApplication for test class com.example.bddspring1592566713.DemoApplicationTests
11:44:45.738 [main] DEBUG org.springframework.boot.test.context.SpringBootTestContextBootstrapper - @TestExecutionListeners is not present for class [com.example.bddspring1592566713.DemoApplicationTests]: using defaults.
11:44:45.739 [main] INFO org.springframework.boot.test.context.SpringBootTestContextBootstrapper - Loaded default TestExecutionListener class names from location [META-INF/spring.factories]: [org.springframework.boot.test.mock.mockito.MockitoTestExecutionListener, org.springframework.boot.test.mock.mockito.ResetMocksTestExecutionListener, org.springframework.boot.test.autoconfigure.restdocs.RestDocsTestExecutionListener, org.springframework.boot.test.autoconfigure.web.client.MockRestServiceServerResetTestExecutionListener, org.springframework.boot.test.autoconfigure.web.servlet.MockMvcPrintOnlyOnFailureTestExecutionListener, org.springframework.boot.test.autoconfigure.web.servlet.WebDriverTestExecutionListener, org.springframework.boot.test.autoconfigure.webservices.client.MockWebServiceServerTestExecutionListener, org.springframework.test.context.web.ServletTestExecutionListener, org.springframework.test.context.support.DirtiesContextBeforeModesTestExecutionListener, org.springframework.test.context.support.DependencyInjectionTestExecutionListener, org.springframework.test.context.support.DirtiesContextTestExecutionListener, org.springframework.test.context.transaction.TransactionalTestExecutionListener, org.springframework.test.context.jdbc.SqlScriptsTestExecutionListener, org.springframework.test.context.event.EventPublishingTestExecutionListener]
11:44:45.804 [main] DEBUG org.springframework.boot.test.context.SpringBootTestContextBootstrapper - Skipping candidate TestExecutionListener [org.springframework.test.context.transaction.TransactionalTestExecutionListener] due to a missing dependency. Specify custom listener classes or make the default listener classes and their required dependencies available. Offending class: [org/springframework/transaction/TransactionDefinition]
11:44:45.811 [main] DEBUG org.springframework.boot.test.context.SpringBootTestContextBootstrapper - Skipping candidate TestExecutionListener [org.springframework.test.context.jdbc.SqlScriptsTestExecutionListener] due to a missing dependency. Specify custom listener classes or make the default listener classes and their required dependencies available. Offending class: [org/springframework/transaction/interceptor/TransactionAttribute]
11:44:45.812 [main] INFO org.springframework.boot.test.context.SpringBootTestContextBootstrapper - Using TestExecutionListeners: [org.springframework.test.context.web.ServletTestExecutionListener@4d465b11, org.springframework.test.context.support.DirtiesContextBeforeModesTestExecutionListener@53fdffa1, org.springframework.boot.test.mock.mockito.MockitoTestExecutionListener@5562c41e, org.springframework.boot.test.autoconfigure.SpringBootDependencyInjectionTestExecutionListener@32ee6fee, org.springframework.test.context.support.DirtiesContextTestExecutionListener@4d0f2471, org.springframework.test.context.event.EventPublishingTestExecutionListener@7133da86, org.springframework.boot.test.mock.mockito.ResetMocksTestExecutionListener@3232a28a, org.springframework.boot.test.autoconfigure.restdocs.RestDocsTestExecutionListener@73e22a3d, org.springframework.boot.test.autoconfigure.web.client.MockRestServiceServerResetTestExecutionListener@47faa49c, org.springframework.boot.test.autoconfigure.web.servlet.MockMvcPrintOnlyOnFailureTestExecutionListener@28f2a10f, org.springframework.boot.test.autoconfigure.web.servlet.WebDriverTestExecutionListener@f736069, org.springframework.boot.test.autoconfigure.webservices.client.MockWebServiceServerTestExecutionListener@6da21078]
11:44:45.822 [main] DEBUG org.springframework.test.context.support.AbstractDirtiesContextTestExecutionListener - Before test class: context [DefaultTestContext@2f217633 testClass = DemoApplicationTests, testInstance = [null], testMethod = [null], testException = [null], mergedContextConfiguration = [WebMergedContextConfiguration@a530d0a testClass = DemoApplicationTests, locations = '{}', classes = '{class com.example.bddspring1592566713.DemoApplication}', contextInitializerClasses = '[]', activeProfiles = '{}', propertySourceLocations = '{}', propertySourceProperties = '{org.springframework.boot.test.context.SpringBootTestContextBootstrapper=true}', contextCustomizers = set[org.springframework.boot.test.context.filter.ExcludeFilterContextCustomizer@4278a03f, org.springframework.boot.test.json.DuplicateJsonObjectContextCustomizerFactory$DuplicateJsonObjectContextCustomizer@124c278f, org.springframework.boot.test.mock.mockito.MockitoContextCustomizer@0, org.springframework.boot.test.web.client.TestRestTemplateContextCustomizer@419c5f1a, org.springframework.boot.test.autoconfigure.properties.PropertyMappingContextCustomizer@0, org.springframework.boot.test.autoconfigure.web.servlet.WebDriverContextCustomizerFactory$Customizer@1f3f4916, org.springframework.boot.test.context.SpringBootTestArgs@1], resourceBasePath = 'src/main/webapp', contextLoader = 'org.springframework.boot.test.context.SpringBootContextLoader', parent = [null]], attributes = map['org.springframework.test.context.web.ServletTestExecutionListener.activateListener' -> true]], class annotated with @DirtiesContext [false] with mode [null].
11:44:45.926 [main] DEBUG org.springframework.test.context.support.TestPropertySourceUtils - Adding inlined properties to environment: {spring.jmx.enabled=false, org.springframework.boot.test.context.SpringBootTestContextBootstrapper=true}

  .   ____          _            __ _ _
 /\\ / ___'_ __ _ _(_)_ __  __ _ \ \ \ \
( ( )\___ | '_ | '_| | '_ \/ _` | \ \ \ \
 \\/  ___)| |_)| | | | | || (_| |  ) ) ) )
  '  |____| .__|_| |_|_| |_\__, | / / / /
 =========|_|==============|___/=/_/_/_/
 :: Spring Boot ::        (v2.3.1.RELEASE)

2020-06-19 11:44:46.701  INFO 67 --- [           main] c.e.b.DemoApplicationTests               : Starting DemoApplicationTests on cb-kubecd-bdd-spring-1592566713-xh7xd-1-from-build-pack-n6mv5-p with PID 67 (started by root in /workspace/source)
2020-06-19 11:44:46.711  INFO 67 --- [           main] c.e.b.DemoApplicationTests               : No active profile set, falling back to default profiles: default
2020-06-19 11:44:54.437  INFO 67 --- [           main] o.s.s.concurrent.ThreadPoolTaskExecutor  : Initializing ExecutorService 'applicationTaskExecutor'
2020-06-19 11:44:56.133  INFO 67 --- [           main] o.s.b.a.e.web.EndpointLinksResolver      : Exposing 2 endpoint(s) beneath base path '/actuator'
2020-06-19 11:44:56.415  INFO 67 --- [           main] c.e.b.DemoApplicationTests               : Started DemoApplicationTests in 10.411 seconds (JVM running for 13.379)
[INFO] Tests run: 1, Failures: 0, Errors: 0, Skipped: 0, Time elapsed: 12.724 s - in com.example.bddspring1592566713.DemoApplicationTests
2020-06-19 11:44:57.607  INFO 67 --- [extShutdownHook] o.s.s.concurrent.ThreadPoolTaskExecutor  : Shutting down ExecutorService 'applicationTaskExecutor'
[INFO] 
[INFO] Results:
[INFO] 
[INFO] Tests run: 1, Failures: 0, Errors: 0, Skipped: 0
[INFO] 
[INFO] 
[INFO] --- maven-jar-plugin:3.2.0:jar (default-jar) @ bdd-spring-1592566713 ---
[INFO] Building jar: /workspace/source/target/bdd-spring-1592566713-0.0.1.jar
[INFO] 
[INFO] --- spring-boot-maven-plugin:2.3.1.RELEASE:repackage (repackage) @ bdd-spring-1592566713 ---
[INFO] Replacing main artifact with repackaged archive
[INFO] 
[INFO] --- maven-install-plugin:2.5.2:install (default-install) @ bdd-spring-1592566713 ---
[INFO] Installing /workspace/source/target/bdd-spring-1592566713-0.0.1.jar to /home/jenkins/.mvnrepository/com/example/bdd-spring-1592566713/0.0.1/bdd-spring-1592566713-0.0.1.jar
[INFO] Installing /workspace/source/pom.xml to /home/jenkins/.mvnrepository/com/example/bdd-spring-1592566713/0.0.1/bdd-spring-1592566713-0.0.1.pom
[INFO] 
[INFO] --- maven-deploy-plugin:2.8.2:deploy (default-deploy) @ bdd-spring-1592566713 ---
[INFO] Using alternate deployment repository local-nexus::default::http://nexus/repository/maven-releases/
[INFO] ------------------------------------------------------------------------
[INFO] BUILD SUCCESS
[INFO] ------------------------------------------------------------------------
[INFO] Total time:  58.721 s
[INFO] Finished at: 2020-06-19T11:45:11Z
[INFO] ------------------------------------------------------------------------

Showing logs for build [32mcb-kubecd-bdd-spring-1592566713-xh7xd-1[0m stage [32mfrom-build-pack[0m and container [32mstep-build-skaffold-version[0m
v1.0.1

Showing logs for build [32mcb-kubecd-bdd-spring-1592566713-xh7xd-1[0m stage [32mfrom-build-pack[0m and container [32mstep-build-container-build[0m
E0619 11:45:13.777741       9 aws_credentials.go:77] while getting AWS credentials NoCredentialProviders: no valid providers in chain. Deprecated.
	For verbose messaging see aws.Config.CredentialsChainVerboseErrors
[36mINFO[0m[0000] Using dockerignore file: /workspace/source/.dockerignore 
[36mINFO[0m[0000] Retrieving image manifest openjdk:8-jdk-slim 
E0619 11:45:14.178130       9 metadata.go:154] while reading 'google-dockercfg' metadata: http status code: 404 while fetching url http://metadata.google.internal./computeMetadata/v1/instance/attributes/google-dockercfg
E0619 11:45:14.181046       9 metadata.go:166] while reading 'google-dockercfg-url' metadata: http status code: 404 while fetching url http://metadata.google.internal./computeMetadata/v1/instance/attributes/google-dockercfg-url
[36mINFO[0m[0002] Retrieving image manifest openjdk:8-jdk-slim 
[36mINFO[0m[0003] Built cross stage deps: map[]                
[36mINFO[0m[0003] Retrieving image manifest openjdk:8-jdk-slim 
[36mINFO[0m[0004] Retrieving image manifest openjdk:8-jdk-slim 
[36mINFO[0m[0005] Executing 0 build triggers                   
[36mINFO[0m[0005] cmd: EXPOSE                                  
[36mINFO[0m[0005] Adding exposed port: 8080/tcp                
[36mINFO[0m[0005] Resolving srcs [pom.xml target/lib*]...      
[36mINFO[0m[0005] Checking for cached layer gcr.io/jenkins-x-bdd3/cache:849717f97d488bbf87cf25386af7ec816ca0d9bd452fcd395a620c6f2deacd25... 
[36mINFO[0m[0005] No cached layer found for cmd COPY pom.xml target/lib* /opt/lib/ 
[36mINFO[0m[0005] Resolving srcs [target/*.jar]...             
[36mINFO[0m[0005] Unpacking rootfs as cmd COPY pom.xml target/lib* /opt/lib/ requires it. 
[36mINFO[0m[0012] ENV PORT 8080                                
[36mINFO[0m[0012] No files changed in this command, skipping snapshotting. 
[36mINFO[0m[0012] ENV CLASSPATH /opt/lib                       
[36mINFO[0m[0012] No files changed in this command, skipping snapshotting. 
[36mINFO[0m[0012] EXPOSE 8080                                  
[36mINFO[0m[0012] cmd: EXPOSE                                  
[36mINFO[0m[0012] Adding exposed port: 8080/tcp                
[36mINFO[0m[0012] No files changed in this command, skipping snapshotting. 
[36mINFO[0m[0012] Resolving srcs [pom.xml target/lib*]...      
[36mINFO[0m[0012] COPY pom.xml target/lib* /opt/lib/           
[36mINFO[0m[0012] Resolving srcs [pom.xml target/lib*]...      
[36mINFO[0m[0012] Resolving 1 paths                            
[36mINFO[0m[0012] Taking snapshot of files...                  
[36mINFO[0m[0012] Resolving srcs [target/*.jar]...             
[36mINFO[0m[0012] Pushing layer gcr.io/jenkins-x-bdd3/cache:849717f97d488bbf87cf25386af7ec816ca0d9bd452fcd395a620c6f2deacd25 to cache now 
[36mINFO[0m[0013] COPY target/*.jar /opt/app.jar               
[36mINFO[0m[0013] Resolving srcs [target/*.jar]...             
[36mINFO[0m[0013] Resolving 1 paths                            
[36mINFO[0m[0013] Taking snapshot of files...                  
[36mINFO[0m[0014] WORKDIR /opt                                 
[36mINFO[0m[0014] cmd: workdir                                 
[36mINFO[0m[0014] Changed working directory to /opt            
[36mINFO[0m[0014] No files changed in this command, skipping snapshotting. 
[36mINFO[0m[0014] CMD ["java", "-XX:+UnlockExperimentalVMOptions", "-XX:+UseCGroupMemoryLimitForHeap", "-jar", "app.jar"] 
[36mINFO[0m[0014] No files changed in this command, skipping snapshotting. 
[36mINFO[0m[0014] Pushing layer gcr.io/jenkins-x-bdd3/cache:9cff19afc7ac7576bafe9b7d80c7224db9181ff7715829c6ae0b9508e27952c3 to cache now 

Showing logs for build [32mcb-kubecd-bdd-spring-1592566713-xh7xd-1[0m stage [32mfrom-build-pack[0m and container [32mstep-build-post-build[0m
no CVE provider running in the current ** namespace so skip adding image to be analysed

Showing logs for build [32mcb-kubecd-bdd-spring-1592566713-xh7xd-1[0m stage [32mfrom-build-pack[0m and container [32mstep-promote-changelog[0m
Converted /workspace/source/charts/bdd-spring-1592566713 to an unshallow repository
Generating change log from git ref be8927fb3b192846fbca5f7222eb0a152b7b5375 => 8e84b10c2d7804736078876bf3960be9e3c31141
Associating user x-0 in users.jenkins.io with email c**d-bot@cloudbees.com to git GitProvider user with login -0 as emails match
Adding label jenkins.io/git-github-userid=-0 to user x-0 in users.jenkins.io
WARNING: Failed to enrich commit 9c562e7063d3b02ed8051db16e196c89c5c09054 with issues: User.jenkins.io "x-0" is invalid: metadata.labels: Invalid value: "-0": a valid label must be an empty string or consist of alphanumeric characters, '-', '_' or '.', and must start and end with an alphanumeric character (e.g. 'MyValue',  or 'my_value',  or '12345', regex used for validation is '(([A-Za-z0-9][-A-Za-z0-9_.]*)?[A-Za-z0-9])?')
Finding issues in commit messages using git format
Associating user x-0 in users.jenkins.io with email c**d-bot@cloudbees.com to git GitProvider user with login -0 as emails match
Adding label jenkins.io/git-github-userid=-0 to user x-0 in users.jenkins.io
WARNING: Failed to enrich commit 5f5788acb7d24d04e198d36738e08dfbe94a1234 with issues: User.jenkins.io "x-0" is invalid: metadata.labels: Invalid value: "-0": a valid label must be an empty string or consist of alphanumeric characters, '-', '_' or '.', and must start and end with an alphanumeric character (e.g. 'MyValue',  or 'my_value',  or '12345', regex used for validation is '(([A-Za-z0-9][-A-Za-z0-9_.]*)?[A-Za-z0-9])?')
Associating user x-0 in users.jenkins.io with email c**d-bot@cloudbees.com to git GitProvider user with login -0 as emails match
Adding label jenkins.io/git-github-userid=-0 to user x-0 in users.jenkins.io
WARNING: Failed to enrich commit 5f5788acb7d24d04e198d36738e08dfbe94a1234 with issues: User.jenkins.io "x-0" is invalid: metadata.labels: Invalid value: "-0": a valid label must be an empty string or consist of alphanumeric characters, '-', '_' or '.', and must start and end with an alphanumeric character (e.g. 'MyValue',  or 'my_value',  or '12345', regex used for validation is '(([A-Za-z0-9][-A-Za-z0-9_.]*)?[A-Za-z0-9])?')
WARNING: No release found for cb-kubecd/bdd-spring-1592566713 and tag v0.0.1 so creating a new release
Updated the release information at https://github.com/cb-kubecd/bdd-spring-1592566713/releases/tag/v0.0.1
generated: /workspace/source/charts/bdd-spring-1592566713/templates/release.yaml
Created Release bdd-spring-1592566713-0-0-1 resource in namespace **
Updating PipelineActivity cb-kubecd-bdd-spring-1592566713-master-1 with version 0.0.1
Updated PipelineActivities cb-kubecd-bdd-spring-1592566713-master-1 with release notes URL: https://github.com/cb-kubecd/bdd-spring-1592566713/releases/tag/v0.0.1

Showing logs for build [32mcb-kubecd-bdd-spring-1592566713-xh7xd-1[0m stage [32mfrom-build-pack[0m and container [32mstep-promote-helm-release[0m
WARNING: No $CHART_REPOSITORY defined so using the default value of: http://jenkins-x-chartmuseum:8080
Adding missing Helm repo: storage.googleapis.com https://storage.googleapis.com/chartmuseum.jenkins-x.io
WARNING: No secrets found on "helm/repos" due: reading the secret "helm/repos" from vault: no secret "helm/repos" not found in vault
Read credentials for https://storage.googleapis.com/chartmuseum.jenkins-x.io from vault helm/repos
Successfully added Helm repository storage.googleapis.com.
Adding missing Helm repo: jenkins-x-chartmuseum http://jenkins-x-chartmuseum:8080
WARNING: No secrets found on "helm/repos" due: reading the secret "helm/repos" from vault: no secret "helm/repos" not found in vault
Read credentials for http://jenkins-x-chartmuseum:8080 from vault helm/repos
Successfully added Helm repository jenkins-x-chartmuseum.
WARNING: No $CHART_REPOSITORY defined so using the default value of: http://jenkins-x-chartmuseum:8080
Uploading chart file bdd-spring-1592566713-0.0.1.tgz to http://jenkins-x-chartmuseum:8080/api/charts
Received 201 response: {"saved":true}

Showing logs for build [32mcb-kubecd-bdd-spring-1592566713-xh7xd-1[0m stage [32mfrom-build-pack[0m and container [32mstep-promote-jx-promote[0m
WARNING: prow based install so skip waiting for the merge of Pull Requests to go green as currently there is an issue with gettingstatuses from the PR, see https://github.com/jenkins-x/**/issues/2410
WARNING: No $CHART_REPOSITORY defined so using the default value of: http://jenkins-x-chartmuseum:8080
Promoting app bdd-spring-1592566713 version 0.0.1 to namespace **-staging
WARNING: Waiting for the fork of c**d-bot-test/environment-pr-238-2-boot-vault-gke-staging to appear...
Forked Git repository to https://github.com/c**d-bot-test/environment-pr-238-2-boot-vault-gke-staging
Created Pull Request: https://github.com/cb-kubecd/environment-pr-238-2-boot-vault-gke-staging/pull/1
Added label updatebot to Pull Request https://github.com/cb-kubecd/environment-pr-238-2-boot-vault-gke-staging/pull/1
got git provider status pending from PR https://github.com/cb-kubecd/environment-pr-238-2-boot-vault-gke-staging/pull/1
got git provider status pending from PR https://github.com/cb-kubecd/environment-pr-238-2-boot-vault-gke-staging/pull/1
got git provider status pending from PR https://github.com/cb-kubecd/environment-pr-238-2-boot-vault-gke-staging/pull/1
got git provider status pending from PR https://github.com/cb-kubecd/environment-pr-238-2-boot-vault-gke-staging/pull/1
Pull Request https://github.com/cb-kubecd/environment-pr-238-2-boot-vault-gke-staging/pull/1 is merged at sha 5baf571364b1138de0ca2f165c6436265fc67e8f
Pull Request merged but we are not waiting for the update pipeline to complete!
WARNING: Could not find the service URL in namespace **-staging for names bdd-spring-1592566713, **-bdd-spring-1592566713, **-staging-bdd-spring-1592566713
